New log file opened at Sat Sep 23 15:08:09 JST 2017 by 10070@atsumine.local
Taking next connection to: 53219
New client attempting to connect on port: 53220-53219
  Address = /192.168.11.8:53219
This client on port 53220 has uuid 1e0a7103-5449-4b48-a0ce-92c147f44520 configName activator humanReadableName Activator protocolVersion 3 featureTags Vector()
Connected Clients: activator-1e0a7103-5449-4b48-a0ce-92c147f44520
Taking next connection to: 53219
New client attempting to connect on port: 53221-53219
  Address = /192.168.11.8:53219
Handshake exception on socket: 53221
sbt.impl.ipc.HandshakeException: Unable to perform handshake
	at sbt.impl.ipc.Peer.handshake(IPC.scala:46)
	at sbt.impl.ipc.MultiClientServer.<init>(IPC.scala:150)
	at sbt.server.SbtServerSocketHandler$$anon$1.run(SbtServerSocketHandler.scala:43)
Caused by: java.io.EOFException
	at java.io.DataInputStream.readInt(DataInputStream.java:392)
	at sbt.impl.ipc.Peer.receive(IPC.scala:95)
	at sbt.impl.ipc.Peer.handshake(IPC.scala:49)
	... 2 more
Taking next connection to: 53219
New client attempting to connect on port: 53222-53219
  Address = /192.168.11.8:53219
This client on port 53222 has uuid 5dd2e6da-53af-4d68-984e-9411b778cff3 configName activator humanReadableName Activator protocolVersion 3 featureTags Vector()
Connected Clients: activator-1e0a7103-5449-4b48-a0ce-92c147f44520, activator-5dd2e6da-53af-4d68-984e-9411b778cff3
Taking next connection to: 53219
Checking to see if clients are empty...
We have 2 non-daemon clients, continuing serving connections.
Taking next connection to: 53219
Checking to see if clients are empty...
We have 2 non-daemon clients, continuing serving connections.
Taking next connection to: 53219
Checking to see if clients are empty...
We have 2 non-daemon clients, continuing serving connections.
Taking next connection to: 53219
Checking to see if clients are empty...
We have 2 non-daemon clients, continuing serving connections.
Taking next connection to: 53219
Checking to see if clients are empty...
We have 2 non-daemon clients, continuing serving connections.
Taking next connection to: 53219
Checking to see if clients are empty...
We have 2 non-daemon clients, continuing serving connections.
Taking next connection to: 53219
Checking to see if clients are empty...
We have 2 non-daemon clients, continuing serving connections.
Taking next connection to: 53219
Checking to see if clients are empty...
We have 2 non-daemon clients, continuing serving connections.
Taking next connection to: 53219
Checking to see if clients are empty...
We have 2 non-daemon clients, continuing serving connections.
Taking next connection to: 53219
Checking to see if clients are empty...
We have 2 non-daemon clients, continuing serving connections.
Taking next connection to: 53219
Checking to see if clients are empty...
We have 2 non-daemon clients, continuing serving connections.
Taking next connection to: 53219
Checking to see if clients are empty...
We have 2 non-daemon clients, continuing serving connections.
Taking next connection to: 53219
Checking to see if clients are empty...
We have 2 non-daemon clients, continuing serving connections.
Taking next connection to: 53219
Checking to see if clients are empty...
We have 1 non-daemon clients, continuing serving connections.
Taking next connection to: 53219
Checking to see if clients are empty...
We have 1 non-daemon clients, continuing serving connections.
Taking next connection to: 53219
Checking to see if clients are empty...
We have 1 non-daemon clients, continuing serving connections.
Taking next connection to: 53219
Checking to see if clients are empty...
We have 1 non-daemon clients, continuing serving connections.
Taking next connection to: 53219
Checking to see if clients are empty...
We have 1 non-daemon clients, continuing serving connections.
Taking next connection to: 53219
Checking to see if clients are empty...
We have 1 non-daemon clients, continuing serving connections.
Taking next connection to: 53219
Checking to see if clients are empty...
We have 1 non-daemon clients, continuing serving connections.
Taking next connection to: 53219
Checking to see if clients are empty...
We have 1 non-daemon clients, continuing serving connections.
Taking next connection to: 53219
Checking to see if clients are empty...
We have 1 non-daemon clients, continuing serving connections.
Taking next connection to: 53219
Checking to see if clients are empty...
We have 1 non-daemon clients, continuing serving connections.
Taking next connection to: 53219
Checking to see if clients are empty...
We have 1 non-daemon clients, continuing serving connections.
Taking next connection to: 53219
Checking to see if clients are empty...
We have 1 non-daemon clients, continuing serving connections.
Taking next connection to: 53219
Checking to see if clients are empty...
We have 1 non-daemon clients, continuing serving connections.
Taking next connection to: 53219
Checking to see if clients are empty...
We have 1 non-daemon clients, continuing serving connections.
Taking next connection to: 53219
Checking to see if clients are empty...
We have 1 non-daemon clients, continuing serving connections.
Taking next connection to: 53219
Checking to see if clients are empty...
We have 1 non-daemon clients, continuing serving connections.
Taking next connection to: 53219
